
  .   ____          _            __ _ _
 /\\ / ___'_ __ _ _(_)_ __  __ _ \ \ \ \
( ( )\___ | '_ | '_| | '_ \/ _` | \ \ \ \
 \\/  ___)| |_)| | | | | || (_| |  ) ) ) )
  '  |____| .__|_| |_|_| |_\__, | / / / /
 =========|_|==============|___/=/_/_/_/
 :: Spring Boot ::               (v2.7.18)

2025-07-13 08:32:16.507 [34mINFO [0;39m [35m286 [0;39m - [main, , ] [36mo.e.c.u.UserServiceApplication[0;39m: Starting UserServiceApplication using Java 17.0.12 on MacStudio with PID 4543 (/Users/juhyunlee/workspace.edu/egovframe-msa-edu/backend/user-service/build/libs/user-service-1.0.0.jar started by juhyunlee in /Users/juhyunlee/workspace.edu/egovframe-msa-edu/backend/user-service)
2025-07-13 08:32:16.508 [39mDEBUG[0;39m [35m287 [0;39m - [main, , ] [36mo.e.c.u.UserServiceApplication[0;39m: Running with Spring Boot v2.7.18, Spring v5.3.37
2025-07-13 08:32:16.508 [34mINFO [0;39m [35m287 [0;39m - [main, , ] [36mo.e.c.u.UserServiceApplication[0;39m: No active profile set, falling back to 1 default profile: "default"
2025-07-13 08:32:16.511 [34mINFO [0;39m [35m290 [0;39m - [background-preinit, , ] [36mo.h.v.i.util.Version[0;39m: HV000001: Hibernate Validator 6.2.5.Final
2025-07-13 08:32:16.763 [34mINFO [0;39m [35m542 [0;39m - [main, , ] [36mo.s.d.r.c.RepositoryConfigurationDelegate[0;39m: Multiple Spring Data modules found, entering strict repository configuration mode
2025-07-13 08:32:16.764 [34mINFO [0;39m [35m543 [0;39m - [main, , ] [36mo.s.d.r.c.RepositoryConfigurationDelegate[0;39m: Bootstrapping Spring Data Redis repositories in DEFAULT mode.
2025-07-13 08:32:16.771 [34mINFO [0;39m [35m550 [0;39m - [main, , ] [36mo.s.d.r.c.RepositoryConfigurationDelegate[0;39m: Finished Spring Data repository scanning in 2 ms. Found 0 Redis repository interfaces.
2025-07-13 08:32:16.967 [34mINFO [0;39m [35m746 [0;39m - [main, , ] [36mo.s.b.w.e.t.TomcatWebServer[0;39m: Tomcat initialized with port(s): 8001 (http)
2025-07-13 08:32:16.970 [34mINFO [0;39m [35m749 [0;39m - [main, , ] [36mo.a.c.h.Http11NioProtocol[0;39m: Initializing ProtocolHandler ["http-nio-8001"]
2025-07-13 08:32:16.971 [34mINFO [0;39m [35m750 [0;39m - [main, , ] [36mo.a.c.c.StandardService[0;39m: Starting service [Tomcat]
2025-07-13 08:32:16.971 [34mINFO [0;39m [35m750 [0;39m - [main, , ] [36mo.a.c.c.StandardEngine[0;39m: Starting Servlet engine: [Apache Tomcat/9.0.83]
2025-07-13 08:32:17.001 [34mINFO [0;39m [35m780 [0;39m - [main, , ] [36mo.a.c.c.C.[.[.[/][0;39m: Initializing Spring embedded WebApplicationContext
2025-07-13 08:32:17.001 [34mINFO [0;39m [35m780 [0;39m - [main, , ] [36mo.s.b.w.s.c.ServletWebServerApplicationContext[0;39m: Root WebApplicationContext: initialization completed in 471 ms
2025-07-13 08:32:17.024 [34mINFO [0;39m [35m803 [0;39m - [main, , ] [36mo.e.c.u.c.PermissionConfig[0;39m: 권한 설정 로드 완료. 총 역할 수: 3
2025-07-13 08:32:17.180 [39mDEBUG[0;39m [35m959 [0;39m - [main, , ] [36mo.s.s.c.ThreadPoolTaskExecutor[0;39m: Initializing ExecutorService
2025-07-13 08:32:17.180 [34mINFO [0;39m [35m959 [0;39m - [main, , ] [36mo.e.c.u.c.AsyncConfig[0;39m: SessionAsync ThreadPool 초기화 완료: core=2, max=4, queue=100
2025-07-13 08:32:17.181 [39mDEBUG[0;39m [35m960 [0;39m - [main, , ] [36mo.s.s.c.ThreadPoolTaskExecutor[0;39m: Initializing ExecutorService 'sessionAsyncExecutor'
2025-07-13 08:32:17.189 [34mINFO [0;39m [35m968 [0;39m - [main, , ] [36mo.e.c.u.s.AuthService[0;39m: 인증 서비스 캐시 초기화 완료
2025-07-13 08:32:17.194 [34mINFO [0;39m [35m973 [0;39m - [main, , ] [36mo.e.c.u.c.PermissionConfig[0;39m: 권한 설정 로드 완료. 총 역할 수: 3
2025-07-13 08:32:17.341 [34mINFO [0;39m [35m1120[0;39m - [main, , ] [36mo.a.c.h.Http11NioProtocol[0;39m: Starting ProtocolHandler ["http-nio-8001"]
2025-07-13 08:32:17.354 [34mINFO [0;39m [35m1133[0;39m - [main, , ] [36mo.s.b.w.e.t.TomcatWebServer[0;39m: Tomcat started on port(s): 8001 (http) with context path ''
2025-07-13 08:32:17.359 [34mINFO [0;39m [35m1138[0;39m - [main, , ] [36mo.e.c.u.UserServiceApplication[0;39m: Started UserServiceApplication in 1.063 seconds (JVM running for 1.224)
2025-07-13 08:32:31.253 [34mINFO [0;39m [35m15032[0;39m - [http-nio-8001-exec-1, , ] [36mo.a.c.c.C.[.[.[/][0;39m: Initializing Spring DispatcherServlet 'dispatcherServlet'
2025-07-13 08:32:31.253 [34mINFO [0;39m [35m15032[0;39m - [http-nio-8001-exec-1, , ] [36mo.s.w.s.DispatcherServlet[0;39m: Initializing Servlet 'dispatcherServlet'
2025-07-13 08:32:31.253 [34mINFO [0;39m [35m15032[0;39m - [http-nio-8001-exec-1, , ] [36mo.s.w.s.DispatcherServlet[0;39m: Completed initialization in 0 ms
2025-07-13 08:32:31.380 [39mDEBUG[0;39m [35m15159[0;39m - [http-nio-8001-exec-1, , ] [36mo.e.c.u.s.AuthService[0;39m: Redis에서 세션 없음: 98c94d20-a236-445a-a2e1-0347072ee7d2
2025-07-13 08:32:31.380 [31mWARN [0;39m [35m15159[0;39m - [http-nio-8001-exec-1, , ] [36mo.e.c.u.i.AuthInterceptor[0;39m: 유효하지 않은 세션: 98c94d20-a236-445a-a2e1-0347072ee7d2 for /api/v1/users/profile
2025-07-13 08:36:31.755 [39mDEBUG[0;39m [35m255534[0;39m - [SpringApplicationShutdownHook, , ] [36mo.s.s.c.ThreadPoolTaskExecutor[0;39m: Shutting down ExecutorService 'sessionAsyncExecutor'
